{
  "stats": {
    "suites": 1,
    "tests": 1,
    "passes": 1,
    "pending": 0,
    "failures": 0,
    "start": "2023-12-08T21:10:08.620Z",
    "end": "2023-12-08T21:10:12.203Z",
    "duration": 3583,
    "testsRegistered": 1,
    "passPercent": 100,
    "pendingPercent": 0,
    "other": 0,
    "hasOther": false,
    "skipped": 0,
    "hasSkipped": false
  },
  "results": [
    {
      "uuid": "089b4b9b-0e55-4543-9761-38ee86075691",
      "title": "",
      "fullFile": "cypress\\e2e\\testando.cy.js",
      "file": "cypress\\e2e\\testando.cy.js",
      "beforeHooks": [],
      "afterHooks": [],
      "tests": [],
      "suites": [
        {
          "uuid": "b2820fd7-e238-4b01-9d70-b1676e96b4f2",
          "title": "Página de cadastro",
          "fullFile": "",
          "file": "",
          "beforeHooks": [],
          "afterHooks": [],
          "tests": [
            {
              "title": "Preencher os campos do formulário corretamente para cadastrar um novo usuário",
              "fullTitle": "Página de cadastro Preencher os campos do formulário corretamente para cadastrar um novo usuário",
              "timedOut": null,
              "duration": 2034,
              "state": "passed",
              "speed": "fast",
              "pass": true,
              "fail": false,
              "pending": false,
              "context": "{\n  \"title\": \"cypress-mochawesome-reporter-videos-passed\",\n  \"value\": \"cypress\\\\e2e\\\\testando.cy.js\"\n}",
              "code": "cy.visit('http://localhost:4200/#/home');\ncy.contains('a', 'Register now').click();\ncy.get('[data-test=\"email\"]').type('jonas@email.com.br');\ncy.get('[data-test=\"fullName\"]').type('Jonas Campos');\ncy.get('[data-test=\"registerUserName\"]').type('jonasc');\ncy.get('[data-test=\"registerPassword\"]').type('jonas123');\ncy.contains('button', 'Register').click();",
              "err": {},
              "uuid": "7b6aa1a9-0990-416f-a8c0-87c4274874b3",
              "parentUUID": "b2820fd7-e238-4b01-9d70-b1676e96b4f2",
              "isHook": false,
              "skipped": false
            }
          ],
          "suites": [],
          "passes": [
            "7b6aa1a9-0990-416f-a8c0-87c4274874b3"
          ],
          "failures": [],
          "pending": [],
          "skipped": [],
          "duration": 2034,
          "root": false,
          "rootEmpty": false,
          "_timeout": 2000
        }
      ],
      "passes": [],
      "failures": [],
      "pending": [],
      "skipped": [],
      "duration": 0,
      "root": true,
      "rootEmpty": true,
      "_timeout": 2000
    }
  ],
  "meta": {
    "mocha": {
      "version": "7.0.1"
    },
    "mochawesome": {
      "options": {
        "quiet": false,
        "reportFilename": "mochawesome",
        "saveHtml": true,
        "saveJson": true,
        "consoleReporter": "spec",
        "useInlineDiffs": false,
        "code": true
      },
      "version": "7.1.3"
    },
    "marge": {
      "options": {
        "charts": true,
        "embeddedScreenshots": true,
        "inlineAssets": true,
        "reportDir": "cypress/reports"
      },
      "version": "6.2.0"
    }
  }
}